<?xml version="1.0" encoding="UTF-8"?>
<testng-results skipped="0" failed="0" ignored="1" total="4" passed="3">
  <reporter-output>
    <line>
      <![CDATA[deleteaccount]]>
    </line>
    <line>
      <![CDATA[login]]>
    </line>
    <line>
      <![CDATA[logout]]>
    </line>
  </reporter-output>
  <suite name="Suite" duration-ms="178" started-at="2020-05-27T21:22:06 IST" finished-at="2020-05-27T21:22:06 IST">
    <groups>
    </groups>
    <test name="Test" duration-ms="178" started-at="2020-05-27T21:22:06 IST" finished-at="2020-05-27T21:22:06 IST">
      <class name="testng.Demo">
        <test-method status="PASS" signature="deleteaccount()[pri:0, instance:testng.Demo@1d16f93d]" name="deleteaccount" duration-ms="28" started-at="2020-05-27T21:22:06 IST" finished-at="2020-05-27T21:22:06 IST">
          <reporter-output>
            <line>
              <![CDATA[deleteaccount]]>
            </line>
          </reporter-output>
        </test-method> <!-- deleteaccount -->
        <test-method status="PASS" signature="login()[pri:0, instance:testng.Demo@1d16f93d]" name="login" duration-ms="4" started-at="2020-05-27T21:22:06 IST" finished-at="2020-05-27T21:22:06 IST">
          <reporter-output>
            <line>
              <![CDATA[login]]>
            </line>
          </reporter-output>
        </test-method> <!-- login -->
        <test-method status="PASS" signature="logout()[pri:0, instance:testng.Demo@1d16f93d]" name="logout" duration-ms="6" started-at="2020-05-27T21:22:06 IST" finished-at="2020-05-27T21:22:06 IST">
          <reporter-output>
            <line>
              <![CDATA[logout]]>
            </line>
          </reporter-output>
        </test-method> <!-- logout -->
      </class> <!-- testng.Demo -->
    </test> <!-- Test -->
  </suite> <!-- Suite -->
</testng-results>
